<?xml version="1.0" encoding="UTF-8"?>
<testsuite xmlns:xsi="http://www.w3.org/2001/XMLSchema-instance" xsi:noNamespaceSchemaLocation="https://maven.apache.org/surefire/maven-surefire-plugin/xsd/surefire-test-report.xsd" version="3.0.2" name="com.example.chatplatform.ChatplatformApplicationTests" time="6.688" tests="1" errors="0" skipped="0" failures="0">
  <properties>
[...]
</properties>
  <testcase name="contextLoads" classname="com.example.chatplatform.ChatplatformApplicationTests" time="1.674">
    <system-out><![CDATA[19:58:50.574 [main] INFO org.springframework.test.context.support.AnnotationConfigContextLoaderUtils -- Could not detect default configuration classes for test class [com.example.chatplatform.ChatplatformApplicationTests]: ChatplatformApplicationTests does not declare any static, non-private, non-final, nested classes annotated with @Configuration.
19:58:50.791 [main] INFO org.springframework.boot.test.context.SpringBootTestContextBootstrapper -- Found @SpringBootConfiguration com.example.chatplatform.ChatplatformApplication for test class com.example.chatplatform.ChatplatformApplicationTests
19:58:51.183 [main] INFO org.springframework.boot.devtools.restart.RestartApplicationListener -- Restart disabled due to context in which it is running

  .   ____          _            __ _ _
 /\\ / ___'_ __ _ _(_)_ __  __ _ \ \ \ \
( ( )\___ | '_ | '_| | '_ \/ _` | \ \ \ \
 \\/  ___)| |_)| | | | | || (_| |  ) ) ) )
  '  |____| .__|_| |_|_| |_\__, | / / / /
 =========|_|==============|___/=/_/_/_/

 :: Spring Boot ::                (v3.5.9)

2025-12-26T19:58:51.940+08:00  INFO 25284 --- [chatplatform] [           main] c.e.c.ChatplatformApplicationTests       : Starting ChatplatformApplicationTests using Java 17.0.16 with PID 25284 (started by 31450 in C:\Users\31450\IdeaProjects\chatplatform)
2025-12-26T19:58:51.943+08:00  INFO 25284 --- [chatplatform] [           main] c.e.c.ChatplatformApplicationTests       : No active profile set, falling back to 1 default profile: "default"
2025-12-26T19:58:55.270+08:00  INFO 25284 --- [chatplatform] [           main] c.e.c.ChatplatformApplicationTests       : Started ChatplatformApplicationTests in 4.113 seconds (process running for 6.086)
]]></system-out>
  </testcase>
</testsuite>